{"/home/brian/git/blogproject/database.js":{"path":"/home/brian/git/blogproject/database.js","s":{"1":1,"2":1,"3":1,"4":1,"5":1,"6":1,"7":1,"8":1,"9":1,"10":1,"11":1,"12":1,"13":1,"14":1,"15":0,"16":0,"17":0,"18":0,"19":1,"20":1,"21":2,"22":0,"23":2,"24":4},"b":{"1":[0,1],"2":[0,1],"3":[1,0],"4":[0,2]},"f":{"1":1,"2":2,"3":4},"fnMap":{"1":{"name":"connectToDB","line":19,"loc":{"start":{"line":19,"column":0},"end":{"line":19,"column":45}}},"2":{"name":"(anonymous_2)","line":37,"loc":{"start":{"line":37,"column":24},"end":{"line":37,"column":36}}},"3":{"name":"(anonymous_3)","line":43,"loc":{"start":{"line":43,"column":62},"end":{"line":43,"column":73}}}},"statementMap":{"1":{"start":{"line":1,"column":0},"end":{"line":1,"column":37}},"2":{"start":{"line":2,"column":0},"end":{"line":2,"column":31}},"3":{"start":{"line":3,"column":0},"end":{"line":3,"column":42}},"4":{"start":{"line":4,"column":0},"end":{"line":9,"column":2}},"5":{"start":{"line":11,"column":0},"end":{"line":11,"column":80}},"6":{"start":{"line":12,"column":0},"end":{"line":12,"column":175}},"7":{"start":{"line":13,"column":0},"end":{"line":13,"column":96}},"8":{"start":{"line":14,"column":0},"end":{"line":14,"column":68}},"9":{"start":{"line":16,"column":0},"end":{"line":16,"column":17}},"10":{"start":{"line":19,"column":0},"end":{"line":32,"column":1}},"11":{"start":{"line":20,"column":4},"end":{"line":30,"column":35}},"12":{"start":{"line":21,"column":8},"end":{"line":21,"column":19}},"13":{"start":{"line":22,"column":8},"end":{"line":29,"column":9}},"14":{"start":{"line":23,"column":12},"end":{"line":28,"column":14}},"15":{"start":{"line":24,"column":16},"end":{"line":24,"column":113}},"16":{"start":{"line":25,"column":16},"end":{"line":25,"column":66}},"17":{"start":{"line":26,"column":16},"end":{"line":26,"column":32}},"18":{"start":{"line":27,"column":16},"end":{"line":27,"column":52}},"19":{"start":{"line":35,"column":0},"end":{"line":35,"column":42}},"20":{"start":{"line":37,"column":0},"end":{"line":45,"column":1}},"21":{"start":{"line":38,"column":4},"end":{"line":40,"column":5}},"22":{"start":{"line":39,"column":8},"end":{"line":39,"column":66}},"23":{"start":{"line":42,"column":4},"end":{"line":44,"column":5}},"24":{"start":{"line":43,"column":8},"end":{"line":43,"column":77}}},"branchMap":{"1":{"line":11,"type":"cond-expr","locations":[{"start":{"line":11,"column":58},"end":{"line":11,"column":65}},{"start":{"line":11,"column":68},"end":{"line":11,"column":79}}]},"2":{"line":14,"type":"cond-expr","locations":[{"start":{"line":14,"column":46},"end":{"line":14,"column":54}},{"start":{"line":14,"column":57},"end":{"line":14,"column":67}}]},"3":{"line":22,"type":"if","locations":[{"start":{"line":22,"column":8},"end":{"line":22,"column":8}},{"start":{"line":22,"column":8},"end":{"line":22,"column":8}}]},"4":{"line":38,"type":"if","locations":[{"start":{"line":38,"column":4},"end":{"line":38,"column":4}},{"start":{"line":38,"column":4},"end":{"line":38,"column":4}}]}}},"/home/brian/git/blogproject/index.js":{"path":"/home/brian/git/blogproject/index.js","s":{"1":1,"2":1,"3":1,"4":1,"5":1,"6":1,"7":1,"8":1,"9":1,"10":1,"11":1,"12":0,"13":1,"14":1,"15":1,"16":1},"b":{},"f":{"1":1},"fnMap":{"1":{"name":"(anonymous_1)","line":27,"loc":{"start":{"line":27,"column":53},"end":{"line":27,"column":65}}}},"statementMap":{"1":{"start":{"line":2,"column":0},"end":{"line":2,"column":35}},"2":{"start":{"line":3,"column":0},"end":{"line":3,"column":42}},"3":{"start":{"line":4,"column":0},"end":{"line":4,"column":42}},"4":{"start":{"line":5,"column":0},"end":{"line":5,"column":41}},"5":{"start":{"line":6,"column":0},"end":{"line":6,"column":51}},"6":{"start":{"line":9,"column":0},"end":{"line":9,"column":20}},"7":{"start":{"line":12,"column":0},"end":{"line":12,"column":49}},"8":{"start":{"line":13,"column":0},"end":{"line":13,"column":27}},"9":{"start":{"line":16,"column":0},"end":{"line":16,"column":31}},"10":{"start":{"line":17,"column":0},"end":{"line":17,"column":19}},"11":{"start":{"line":20,"column":0},"end":{"line":20,"column":59}},"12":{"start":{"line":20,"column":27},"end":{"line":20,"column":57}},"13":{"start":{"line":23,"column":0},"end":{"line":23,"column":26}},"14":{"start":{"line":24,"column":0},"end":{"line":24,"column":32}},"15":{"start":{"line":27,"column":0},"end":{"line":27,"column":136}},"16":{"start":{"line":27,"column":67},"end":{"line":27,"column":133}}},"branchMap":{}},"/home/brian/git/blogproject/api-routes.js":{"path":"/home/brian/git/blogproject/api-routes.js","s":{"1":1,"2":1,"3":0,"4":1,"5":1,"6":1,"7":0,"8":1,"9":1,"10":1,"11":1},"b":{},"f":{"1":0,"2":0},"fnMap":{"1":{"name":"(anonymous_1)","line":6,"loc":{"start":{"line":6,"column":16},"end":{"line":6,"column":36}}},"2":{"name":"(anonymous_2)","line":19,"loc":{"start":{"line":19,"column":9},"end":{"line":19,"column":27}}}},"statementMap":{"1":{"start":{"line":3,"column":0},"end":{"line":3,"column":41}},"2":{"start":{"line":6,"column":0},"end":{"line":11,"column":3}},"3":{"start":{"line":7,"column":4},"end":{"line":10,"column":7}},"4":{"start":{"line":13,"column":0},"end":{"line":13,"column":56}},"5":{"start":{"line":14,"column":0},"end":{"line":14,"column":55}},"6":{"start":{"line":16,"column":0},"end":{"line":22,"column":7}},"7":{"start":{"line":20,"column":8},"end":{"line":20,"column":44}},"8":{"start":{"line":24,"column":0},"end":{"line":28,"column":58}},"9":{"start":{"line":30,"column":0},"end":{"line":31,"column":55}},"10":{"start":{"line":33,"column":0},"end":{"line":34,"column":57}},"11":{"start":{"line":38,"column":0},"end":{"line":38,"column":24}}},"branchMap":{}},"/home/brian/git/blogproject/blogpost/blogpostController.js":{"path":"/home/brian/git/blogproject/blogpost/blogpostController.js","s":{"1":1,"2":1,"3":1,"4":1,"5":1,"6":1,"7":0,"8":0,"9":0,"10":0,"11":0,"12":0,"13":0,"14":0,"15":0,"16":0,"17":0,"18":1,"19":0,"20":0,"21":0,"22":0,"23":0,"24":0,"25":0,"26":0,"27":0,"28":1,"29":0,"30":0,"31":0,"32":0,"33":0,"34":0,"35":1,"36":0,"37":0,"38":0,"39":0,"40":0,"41":0,"42":0,"43":0,"44":0,"45":0,"46":0,"47":0,"48":0,"49":1,"50":0,"51":0,"52":0,"53":0,"54":0,"55":0,"56":0,"57":0,"58":0,"59":0,"60":0,"61":1,"62":0,"63":0,"64":0,"65":0,"66":0,"67":0,"68":0,"69":0,"70":0,"71":0,"72":0,"73":0,"74":1,"75":0,"76":0,"77":0,"78":0,"79":0,"80":0,"81":0,"82":0,"83":0,"84":0,"85":0,"86":0},"b":{"1":[0,0],"2":[0,0],"3":[0,0],"4":[0,0],"5":[0,0],"6":[0,0],"7":[0,0],"8":[0,0],"9":[0,0],"10":[0,0],"11":[0,0],"12":[0,0],"13":[0,0],"14":[0,0],"15":[0,0],"16":[0,0],"17":[0,0],"18":[0,0],"19":[0,0],"20":[0,0],"21":[0,0],"22":[0,0],"23":[0,0],"24":[0,0]},"f":{"1":0,"2":0,"3":0,"4":0,"5":0,"6":0,"7":0,"8":0,"9":0,"10":0,"11":0,"12":0,"13":0,"14":0,"15":0,"16":0,"17":0,"18":0,"19":0},"fnMap":{"1":{"name":"(anonymous_1)","line":8,"loc":{"start":{"line":8,"column":16},"end":{"line":8,"column":36}}},"2":{"name":"(anonymous_2)","line":17,"loc":{"start":{"line":17,"column":14},"end":{"line":17,"column":38}}},"3":{"name":"(anonymous_3)","line":18,"loc":{"start":{"line":18,"column":34},"end":{"line":18,"column":55}}},"4":{"name":"(anonymous_4)","line":46,"loc":{"start":{"line":46,"column":14},"end":{"line":46,"column":34}}},"5":{"name":"(anonymous_5)","line":56,"loc":{"start":{"line":56,"column":18},"end":{"line":56,"column":33}}},"6":{"name":"(anonymous_6)","line":68,"loc":{"start":{"line":68,"column":15},"end":{"line":68,"column":35}}},"7":{"name":"(anonymous_7)","line":69,"loc":{"start":{"line":69,"column":42},"end":{"line":69,"column":67}}},"8":{"name":"(anonymous_8)","line":83,"loc":{"start":{"line":83,"column":17},"end":{"line":83,"column":37}}},"9":{"name":"(anonymous_9)","line":84,"loc":{"start":{"line":84,"column":42},"end":{"line":84,"column":67}}},"10":{"name":"(anonymous_10)","line":96,"loc":{"start":{"line":96,"column":22},"end":{"line":96,"column":37}}},"11":{"name":"(anonymous_11)","line":107,"loc":{"start":{"line":107,"column":17},"end":{"line":107,"column":37}}},"12":{"name":"(anonymous_12)","line":108,"loc":{"start":{"line":108,"column":42},"end":{"line":108,"column":67}}},"13":{"name":"(anonymous_13)","line":113,"loc":{"start":{"line":113,"column":51},"end":{"line":113,"column":75}}},"14":{"name":"(anonymous_14)","line":124,"loc":{"start":{"line":124,"column":17},"end":{"line":124,"column":37}}},"15":{"name":"(anonymous_15)","line":125,"loc":{"start":{"line":125,"column":42},"end":{"line":125,"column":67}}},"16":{"name":"(anonymous_16)","line":133,"loc":{"start":{"line":133,"column":22},"end":{"line":133,"column":37}}},"17":{"name":"(anonymous_17)","line":146,"loc":{"start":{"line":146,"column":19},"end":{"line":146,"column":39}}},"18":{"name":"(anonymous_18)","line":147,"loc":{"start":{"line":147,"column":42},"end":{"line":147,"column":67}}},"19":{"name":"(anonymous_19)","line":155,"loc":{"start":{"line":155,"column":22},"end":{"line":155,"column":37}}}},"statementMap":{"1":{"start":{"line":1,"column":0},"end":{"line":1,"column":44}},"2":{"start":{"line":2,"column":4},"end":{"line":2,"column":34}},"3":{"start":{"line":3,"column":4},"end":{"line":3,"column":33}},"4":{"start":{"line":4,"column":4},"end":{"line":4,"column":34}},"5":{"start":{"line":5,"column":4},"end":{"line":5,"column":55}},"6":{"start":{"line":8,"column":0},"end":{"line":44,"column":2}},"7":{"start":{"line":10,"column":4},"end":{"line":10,"column":59}},"8":{"start":{"line":11,"column":8},"end":{"line":11,"column":57}},"9":{"start":{"line":13,"column":4},"end":{"line":43,"column":7}},"10":{"start":{"line":18,"column":12},"end":{"line":42,"column":11}},"11":{"start":{"line":19,"column":12},"end":{"line":19,"column":43}},"12":{"start":{"line":20,"column":12},"end":{"line":20,"column":63}},"13":{"start":{"line":22,"column":12},"end":{"line":27,"column":13}},"14":{"start":{"line":23,"column":16},"end":{"line":26,"column":19}},"15":{"start":{"line":29,"column":12},"end":{"line":34,"column":13}},"16":{"start":{"line":30,"column":16},"end":{"line":33,"column":18}},"17":{"start":{"line":36,"column":12},"end":{"line":41,"column":15}},"18":{"start":{"line":46,"column":0},"end":{"line":64,"column":1}},"19":{"start":{"line":49,"column":4},"end":{"line":49,"column":34}},"20":{"start":{"line":50,"column":4},"end":{"line":50,"column":36}},"21":{"start":{"line":51,"column":4},"end":{"line":51,"column":34}},"22":{"start":{"line":52,"column":4},"end":{"line":52,"column":34}},"23":{"start":{"line":53,"column":4},"end":{"line":53,"column":29}},"24":{"start":{"line":56,"column":4},"end":{"line":63,"column":7}},"25":{"start":{"line":57,"column":8},"end":{"line":57,"column":33}},"26":{"start":{"line":57,"column":18},"end":{"line":57,"column":32}},"27":{"start":{"line":59,"column":8},"end":{"line":62,"column":11}},"28":{"start":{"line":68,"column":0},"end":{"line":79,"column":2}},"29":{"start":{"line":69,"column":4},"end":{"line":78,"column":7}},"30":{"start":{"line":71,"column":8},"end":{"line":71,"column":52}},"31":{"start":{"line":71,"column":18},"end":{"line":71,"column":51}},"32":{"start":{"line":72,"column":8},"end":{"line":72,"column":107}},"33":{"start":{"line":72,"column":24},"end":{"line":72,"column":106}},"34":{"start":{"line":74,"column":8},"end":{"line":77,"column":11}},"35":{"start":{"line":83,"column":0},"end":{"line":104,"column":2}},"36":{"start":{"line":84,"column":4},"end":{"line":103,"column":7}},"37":{"start":{"line":85,"column":8},"end":{"line":85,"column":52}},"38":{"start":{"line":85,"column":18},"end":{"line":85,"column":51}},"39":{"start":{"line":86,"column":8},"end":{"line":86,"column":115}},"40":{"start":{"line":86,"column":24},"end":{"line":86,"column":114}},"41":{"start":{"line":87,"column":8},"end":{"line":87,"column":127}},"42":{"start":{"line":87,"column":43},"end":{"line":87,"column":126}},"43":{"start":{"line":94,"column":8},"end":{"line":94,"column":38}},"44":{"start":{"line":95,"column":8},"end":{"line":95,"column":40}},"45":{"start":{"line":96,"column":8},"end":{"line":102,"column":11}},"46":{"start":{"line":97,"column":12},"end":{"line":97,"column":102}},"47":{"start":{"line":97,"column":22},"end":{"line":97,"column":101}},"48":{"start":{"line":98,"column":12},"end":{"line":101,"column":15}},"49":{"start":{"line":107,"column":0},"end":{"line":121,"column":2}},"50":{"start":{"line":108,"column":4},"end":{"line":120,"column":7}},"51":{"start":{"line":109,"column":8},"end":{"line":109,"column":52}},"52":{"start":{"line":109,"column":18},"end":{"line":109,"column":51}},"53":{"start":{"line":110,"column":8},"end":{"line":110,"column":115}},"54":{"start":{"line":110,"column":24},"end":{"line":110,"column":114}},"55":{"start":{"line":111,"column":8},"end":{"line":111,"column":129}},"56":{"start":{"line":111,"column":43},"end":{"line":111,"column":128}},"57":{"start":{"line":113,"column":8},"end":{"line":119,"column":11}},"58":{"start":{"line":114,"column":12},"end":{"line":114,"column":107}},"59":{"start":{"line":114,"column":23},"end":{"line":114,"column":106}},"60":{"start":{"line":115,"column":12},"end":{"line":118,"column":15}},"61":{"start":{"line":124,"column":0},"end":{"line":142,"column":2}},"62":{"start":{"line":125,"column":4},"end":{"line":141,"column":7}},"63":{"start":{"line":126,"column":8},"end":{"line":126,"column":41}},"64":{"start":{"line":126,"column":19},"end":{"line":126,"column":40}},"65":{"start":{"line":127,"column":8},"end":{"line":127,"column":115}},"66":{"start":{"line":127,"column":24},"end":{"line":127,"column":114}},"67":{"start":{"line":128,"column":8},"end":{"line":128,"column":94}},"68":{"start":{"line":128,"column":27},"end":{"line":128,"column":93}},"69":{"start":{"line":130,"column":8},"end":{"line":130,"column":31}},"70":{"start":{"line":133,"column":8},"end":{"line":140,"column":11}},"71":{"start":{"line":134,"column":12},"end":{"line":135,"column":37}},"72":{"start":{"line":135,"column":16},"end":{"line":135,"column":37}},"73":{"start":{"line":136,"column":12},"end":{"line":139,"column":15}},"74":{"start":{"line":146,"column":0},"end":{"line":164,"column":2}},"75":{"start":{"line":147,"column":4},"end":{"line":163,"column":7}},"76":{"start":{"line":148,"column":8},"end":{"line":148,"column":41}},"77":{"start":{"line":148,"column":19},"end":{"line":148,"column":40}},"78":{"start":{"line":149,"column":8},"end":{"line":149,"column":115}},"79":{"start":{"line":149,"column":24},"end":{"line":149,"column":114}},"80":{"start":{"line":150,"column":8},"end":{"line":150,"column":94}},"81":{"start":{"line":150,"column":27},"end":{"line":150,"column":93}},"82":{"start":{"line":152,"column":8},"end":{"line":152,"column":31}},"83":{"start":{"line":155,"column":8},"end":{"line":162,"column":11}},"84":{"start":{"line":156,"column":12},"end":{"line":157,"column":37}},"85":{"start":{"line":157,"column":16},"end":{"line":157,"column":37}},"86":{"start":{"line":158,"column":12},"end":{"line":161,"column":15}}},"branchMap":{"1":{"line":10,"type":"cond-expr","locations":[{"start":{"line":10,"column":37},"end":{"line":10,"column":54}},{"start":{"line":10,"column":57},"end":{"line":10,"column":58}}]},"2":{"line":11,"type":"cond-expr","locations":[{"start":{"line":11,"column":35},"end":{"line":11,"column":51}},{"start":{"line":11,"column":54},"end":{"line":11,"column":56}}]},"3":{"line":22,"type":"if","locations":[{"start":{"line":22,"column":12},"end":{"line":22,"column":12}},{"start":{"line":22,"column":12},"end":{"line":22,"column":12}}]},"4":{"line":29,"type":"if","locations":[{"start":{"line":29,"column":12},"end":{"line":29,"column":12}},{"start":{"line":29,"column":12},"end":{"line":29,"column":12}}]},"5":{"line":40,"type":"cond-expr","locations":[{"start":{"line":40,"column":59},"end":{"line":40,"column":75}},{"start":{"line":40,"column":79},"end":{"line":40,"column":86}}]},"6":{"line":57,"type":"if","locations":[{"start":{"line":57,"column":8},"end":{"line":57,"column":8}},{"start":{"line":57,"column":8},"end":{"line":57,"column":8}}]},"7":{"line":71,"type":"if","locations":[{"start":{"line":71,"column":8},"end":{"line":71,"column":8}},{"start":{"line":71,"column":8},"end":{"line":71,"column":8}}]},"8":{"line":72,"type":"if","locations":[{"start":{"line":72,"column":8},"end":{"line":72,"column":8}},{"start":{"line":72,"column":8},"end":{"line":72,"column":8}}]},"9":{"line":85,"type":"if","locations":[{"start":{"line":85,"column":8},"end":{"line":85,"column":8}},{"start":{"line":85,"column":8},"end":{"line":85,"column":8}}]},"10":{"line":86,"type":"if","locations":[{"start":{"line":86,"column":8},"end":{"line":86,"column":8}},{"start":{"line":86,"column":8},"end":{"line":86,"column":8}}]},"11":{"line":87,"type":"if","locations":[{"start":{"line":87,"column":8},"end":{"line":87,"column":8}},{"start":{"line":87,"column":8},"end":{"line":87,"column":8}}]},"12":{"line":97,"type":"if","locations":[{"start":{"line":97,"column":12},"end":{"line":97,"column":12}},{"start":{"line":97,"column":12},"end":{"line":97,"column":12}}]},"13":{"line":109,"type":"if","locations":[{"start":{"line":109,"column":8},"end":{"line":109,"column":8}},{"start":{"line":109,"column":8},"end":{"line":109,"column":8}}]},"14":{"line":110,"type":"if","locations":[{"start":{"line":110,"column":8},"end":{"line":110,"column":8}},{"start":{"line":110,"column":8},"end":{"line":110,"column":8}}]},"15":{"line":111,"type":"if","locations":[{"start":{"line":111,"column":8},"end":{"line":111,"column":8}},{"start":{"line":111,"column":8},"end":{"line":111,"column":8}}]},"16":{"line":114,"type":"if","locations":[{"start":{"line":114,"column":12},"end":{"line":114,"column":12}},{"start":{"line":114,"column":12},"end":{"line":114,"column":12}}]},"17":{"line":126,"type":"if","locations":[{"start":{"line":126,"column":8},"end":{"line":126,"column":8}},{"start":{"line":126,"column":8},"end":{"line":126,"column":8}}]},"18":{"line":127,"type":"if","locations":[{"start":{"line":127,"column":8},"end":{"line":127,"column":8}},{"start":{"line":127,"column":8},"end":{"line":127,"column":8}}]},"19":{"line":128,"type":"if","locations":[{"start":{"line":128,"column":8},"end":{"line":128,"column":8}},{"start":{"line":128,"column":8},"end":{"line":128,"column":8}}]},"20":{"line":134,"type":"if","locations":[{"start":{"line":134,"column":12},"end":{"line":134,"column":12}},{"start":{"line":134,"column":12},"end":{"line":134,"column":12}}]},"21":{"line":148,"type":"if","locations":[{"start":{"line":148,"column":8},"end":{"line":148,"column":8}},{"start":{"line":148,"column":8},"end":{"line":148,"column":8}}]},"22":{"line":149,"type":"if","locations":[{"start":{"line":149,"column":8},"end":{"line":149,"column":8}},{"start":{"line":149,"column":8},"end":{"line":149,"column":8}}]},"23":{"line":150,"type":"if","locations":[{"start":{"line":150,"column":8},"end":{"line":150,"column":8}},{"start":{"line":150,"column":8},"end":{"line":150,"column":8}}]},"24":{"line":156,"type":"if","locations":[{"start":{"line":156,"column":12},"end":{"line":156,"column":12}},{"start":{"line":156,"column":12},"end":{"line":156,"column":12}}]}}},"/home/brian/git/blogproject/blogpost/blogpostModel.js":{"path":"/home/brian/git/blogproject/blogpost/blogpostModel.js","s":{"1":1,"2":1,"3":1,"4":1,"5":0},"b":{},"f":{"1":0},"fnMap":{"1":{"name":"(anonymous_1)","line":34,"loc":{"start":{"line":34,"column":21},"end":{"line":34,"column":48}}}},"statementMap":{"1":{"start":{"line":1,"column":0},"end":{"line":1,"column":35}},"2":{"start":{"line":4,"column":0},"end":{"line":30,"column":3}},"3":{"start":{"line":33,"column":0},"end":{"line":33,"column":70}},"4":{"start":{"line":34,"column":0},"end":{"line":36,"column":1}},"5":{"start":{"line":35,"column":4},"end":{"line":35,"column":40}}},"branchMap":{}},"/home/brian/git/blogproject/user/User.js":{"path":"/home/brian/git/blogproject/user/User.js","s":{"1":1,"2":1,"3":1,"4":1},"b":{},"f":{},"fnMap":{},"statementMap":{"1":{"start":{"line":1,"column":0},"end":{"line":1,"column":35}},"2":{"start":{"line":2,"column":0},"end":{"line":23,"column":3}},"3":{"start":{"line":24,"column":0},"end":{"line":24,"column":35}},"4":{"start":{"line":26,"column":0},"end":{"line":26,"column":40}}},"branchMap":{}},"/home/brian/git/blogproject/user/authenticateUser.js":{"path":"/home/brian/git/blogproject/user/authenticateUser.js","s":{"1":1,"2":1,"3":1,"4":1,"5":0,"6":0,"7":0,"8":0,"9":0,"10":0,"11":0,"12":0,"13":0,"14":0,"15":0,"16":0,"17":0},"b":{"1":[0,0],"2":[0,0],"3":[0,0],"4":[0,0]},"f":{"1":0,"2":0,"3":0},"fnMap":{"1":{"name":"(anonymous_1)","line":5,"loc":{"start":{"line":5,"column":24},"end":{"line":5,"column":49}}},"2":{"name":"(anonymous_2)","line":13,"loc":{"start":{"line":13,"column":45},"end":{"line":13,"column":67}}},"3":{"name":"(anonymous_3)","line":19,"loc":{"start":{"line":19,"column":51},"end":{"line":19,"column":72}}}},"statementMap":{"1":{"start":{"line":1,"column":0},"end":{"line":1,"column":36}},"2":{"start":{"line":2,"column":4},"end":{"line":2,"column":33}},"3":{"start":{"line":3,"column":4},"end":{"line":3,"column":28}},"4":{"start":{"line":5,"column":0},"end":{"line":26,"column":1}},"5":{"start":{"line":7,"column":4},"end":{"line":7,"column":46}},"6":{"start":{"line":10,"column":4},"end":{"line":10,"column":91}},"7":{"start":{"line":10,"column":15},"end":{"line":10,"column":91}},"8":{"start":{"line":13,"column":4},"end":{"line":25,"column":7}},"9":{"start":{"line":16,"column":8},"end":{"line":16,"column":104}},"10":{"start":{"line":16,"column":17},"end":{"line":16,"column":104}},"11":{"start":{"line":19,"column":8},"end":{"line":24,"column":11}},"12":{"start":{"line":20,"column":12},"end":{"line":20,"column":90}},"13":{"start":{"line":20,"column":21},"end":{"line":20,"column":90}},"14":{"start":{"line":21,"column":12},"end":{"line":21,"column":69}},"15":{"start":{"line":21,"column":23},"end":{"line":21,"column":69}},"16":{"start":{"line":22,"column":12},"end":{"line":22,"column":37}},"17":{"start":{"line":23,"column":12},"end":{"line":23,"column":19}}},"branchMap":{"1":{"line":10,"type":"if","locations":[{"start":{"line":10,"column":4},"end":{"line":10,"column":4}},{"start":{"line":10,"column":4},"end":{"line":10,"column":4}}]},"2":{"line":16,"type":"if","locations":[{"start":{"line":16,"column":8},"end":{"line":16,"column":8}},{"start":{"line":16,"column":8},"end":{"line":16,"column":8}}]},"3":{"line":20,"type":"if","locations":[{"start":{"line":20,"column":12},"end":{"line":20,"column":12}},{"start":{"line":20,"column":12},"end":{"line":20,"column":12}}]},"4":{"line":21,"type":"if","locations":[{"start":{"line":21,"column":12},"end":{"line":21,"column":12}},{"start":{"line":21,"column":12},"end":{"line":21,"column":12}}]}}},"/home/brian/git/blogproject/user/UserController.js":{"path":"/home/brian/git/blogproject/user/UserController.js","s":{"1":1,"2":1,"3":1,"4":1,"5":1,"6":1,"7":1,"8":1,"9":1,"10":1,"11":2,"12":2,"13":0,"14":2,"15":2,"16":2,"17":0,"18":2,"19":2,"20":1,"21":0,"22":0,"23":0,"24":0,"25":0,"26":0,"27":0,"28":0,"29":0,"30":0,"31":1,"32":0,"33":0,"34":1,"35":0,"36":0,"37":0,"38":0,"39":1,"40":0,"41":0,"42":0,"43":0,"44":0,"45":0,"46":1,"47":0,"48":0,"49":0,"50":0,"51":1,"52":0,"53":0,"54":0,"55":0,"56":1},"b":{"1":[0,2],"2":[0,2],"3":[0,0],"4":[0,0],"5":[0,0],"6":[0,0],"7":[0,0],"8":[0,0],"9":[0,0],"10":[0,0]},"f":{"1":2,"2":2,"3":2,"4":0,"5":0,"6":0,"7":0,"8":0,"9":0,"10":0,"11":0,"12":0,"13":0,"14":0},"fnMap":{"1":{"name":"(anonymous_1)","line":15,"loc":{"start":{"line":15,"column":17},"end":{"line":15,"column":37}}},"2":{"name":"(anonymous_2)","line":17,"loc":{"start":{"line":17,"column":44},"end":{"line":17,"column":65}}},"3":{"name":"(anonymous_3)","line":28,"loc":{"start":{"line":28,"column":12},"end":{"line":28,"column":33}}},"4":{"name":"(anonymous_4)","line":43,"loc":{"start":{"line":43,"column":22},"end":{"line":43,"column":41}}},"5":{"name":"(anonymous_5)","line":45,"loc":{"start":{"line":45,"column":44},"end":{"line":45,"column":65}}},"6":{"name":"(anonymous_6)","line":62,"loc":{"start":{"line":62,"column":24},"end":{"line":62,"column":43}}},"7":{"name":"(anonymous_7)","line":76,"loc":{"start":{"line":76,"column":16},"end":{"line":76,"column":36}}},"8":{"name":"(anonymous_8)","line":77,"loc":{"start":{"line":77,"column":18},"end":{"line":77,"column":40}}},"9":{"name":"(anonymous_9)","line":84,"loc":{"start":{"line":84,"column":19},"end":{"line":84,"column":39}}},"10":{"name":"(anonymous_10)","line":85,"loc":{"start":{"line":85,"column":33},"end":{"line":85,"column":54}}},"11":{"name":"(anonymous_11)","line":93,"loc":{"start":{"line":93,"column":22},"end":{"line":93,"column":42}}},"12":{"name":"(anonymous_12)","line":94,"loc":{"start":{"line":94,"column":42},"end":{"line":94,"column":63}}},"13":{"name":"(anonymous_13)","line":101,"loc":{"start":{"line":101,"column":19},"end":{"line":101,"column":39}}},"14":{"name":"(anonymous_14)","line":102,"loc":{"start":{"line":102,"column":65},"end":{"line":102,"column":86}}}},"statementMap":{"1":{"start":{"line":1,"column":0},"end":{"line":1,"column":35}},"2":{"start":{"line":2,"column":0},"end":{"line":2,"column":32}},"3":{"start":{"line":3,"column":0},"end":{"line":3,"column":42}},"4":{"start":{"line":4,"column":0},"end":{"line":4,"column":36}},"5":{"start":{"line":5,"column":0},"end":{"line":5,"column":35}},"6":{"start":{"line":6,"column":0},"end":{"line":6,"column":42}},"7":{"start":{"line":8,"column":0},"end":{"line":8,"column":54}},"8":{"start":{"line":9,"column":0},"end":{"line":9,"column":30}},"9":{"start":{"line":11,"column":0},"end":{"line":11,"column":29}},"10":{"start":{"line":15,"column":0},"end":{"line":40,"column":3}},"11":{"start":{"line":17,"column":4},"end":{"line":38,"column":7}},"12":{"start":{"line":18,"column":8},"end":{"line":18,"column":145}},"13":{"start":{"line":18,"column":20},"end":{"line":18,"column":144}},"14":{"start":{"line":20,"column":8},"end":{"line":20,"column":67}},"15":{"start":{"line":23,"column":8},"end":{"line":37,"column":15}},"16":{"start":{"line":29,"column":16},"end":{"line":29,"column":116}},"17":{"start":{"line":29,"column":25},"end":{"line":29,"column":116}},"18":{"start":{"line":32,"column":16},"end":{"line":34,"column":19}},"19":{"start":{"line":35,"column":16},"end":{"line":35,"column":67}},"20":{"start":{"line":43,"column":0},"end":{"line":59,"column":5}},"21":{"start":{"line":45,"column":4},"end":{"line":57,"column":7}},"22":{"start":{"line":46,"column":6},"end":{"line":46,"column":67}},"23":{"start":{"line":46,"column":15},"end":{"line":46,"column":67}},"24":{"start":{"line":47,"column":6},"end":{"line":47,"column":63}},"25":{"start":{"line":47,"column":17},"end":{"line":47,"column":63}},"26":{"start":{"line":49,"column":6},"end":{"line":49,"column":81}},"27":{"start":{"line":50,"column":6},"end":{"line":50,"column":86}},"28":{"start":{"line":50,"column":28},"end":{"line":50,"column":86}},"29":{"start":{"line":52,"column":6},"end":{"line":54,"column":9}},"30":{"start":{"line":56,"column":6},"end":{"line":56,"column":57}},"31":{"start":{"line":62,"column":0},"end":{"line":72,"column":2}},"32":{"start":{"line":65,"column":4},"end":{"line":65,"column":86}},"33":{"start":{"line":69,"column":4},"end":{"line":71,"column":9}},"34":{"start":{"line":76,"column":0},"end":{"line":81,"column":3}},"35":{"start":{"line":77,"column":4},"end":{"line":80,"column":7}},"36":{"start":{"line":78,"column":8},"end":{"line":78,"column":87}},"37":{"start":{"line":78,"column":17},"end":{"line":78,"column":87}},"38":{"start":{"line":79,"column":8},"end":{"line":79,"column":36}},"39":{"start":{"line":84,"column":0},"end":{"line":90,"column":3}},"40":{"start":{"line":85,"column":4},"end":{"line":89,"column":7}},"41":{"start":{"line":86,"column":8},"end":{"line":86,"column":86}},"42":{"start":{"line":86,"column":17},"end":{"line":86,"column":86}},"43":{"start":{"line":87,"column":8},"end":{"line":87,"column":65}},"44":{"start":{"line":87,"column":19},"end":{"line":87,"column":65}},"45":{"start":{"line":88,"column":8},"end":{"line":88,"column":35}},"46":{"start":{"line":93,"column":0},"end":{"line":98,"column":3}},"47":{"start":{"line":94,"column":4},"end":{"line":97,"column":7}},"48":{"start":{"line":95,"column":8},"end":{"line":95,"column":87}},"49":{"start":{"line":95,"column":17},"end":{"line":95,"column":87}},"50":{"start":{"line":96,"column":8},"end":{"line":96,"column":67}},"51":{"start":{"line":101,"column":0},"end":{"line":106,"column":3}},"52":{"start":{"line":102,"column":4},"end":{"line":105,"column":7}},"53":{"start":{"line":103,"column":8},"end":{"line":103,"column":87}},"54":{"start":{"line":103,"column":17},"end":{"line":103,"column":87}},"55":{"start":{"line":104,"column":8},"end":{"line":104,"column":35}},"56":{"start":{"line":109,"column":0},"end":{"line":109,"column":24}}},"branchMap":{"1":{"line":18,"type":"if","locations":[{"start":{"line":18,"column":8},"end":{"line":18,"column":8}},{"start":{"line":18,"column":8},"end":{"line":18,"column":8}}]},"2":{"line":29,"type":"if","locations":[{"start":{"line":29,"column":16},"end":{"line":29,"column":16}},{"start":{"line":29,"column":16},"end":{"line":29,"column":16}}]},"3":{"line":46,"type":"if","locations":[{"start":{"line":46,"column":6},"end":{"line":46,"column":6}},{"start":{"line":46,"column":6},"end":{"line":46,"column":6}}]},"4":{"line":47,"type":"if","locations":[{"start":{"line":47,"column":6},"end":{"line":47,"column":6}},{"start":{"line":47,"column":6},"end":{"line":47,"column":6}}]},"5":{"line":50,"type":"if","locations":[{"start":{"line":50,"column":6},"end":{"line":50,"column":6}},{"start":{"line":50,"column":6},"end":{"line":50,"column":6}}]},"6":{"line":78,"type":"if","locations":[{"start":{"line":78,"column":8},"end":{"line":78,"column":8}},{"start":{"line":78,"column":8},"end":{"line":78,"column":8}}]},"7":{"line":86,"type":"if","locations":[{"start":{"line":86,"column":8},"end":{"line":86,"column":8}},{"start":{"line":86,"column":8},"end":{"line":86,"column":8}}]},"8":{"line":87,"type":"if","locations":[{"start":{"line":87,"column":8},"end":{"line":87,"column":8}},{"start":{"line":87,"column":8},"end":{"line":87,"column":8}}]},"9":{"line":95,"type":"if","locations":[{"start":{"line":95,"column":8},"end":{"line":95,"column":8}},{"start":{"line":95,"column":8},"end":{"line":95,"column":8}}]},"10":{"line":103,"type":"if","locations":[{"start":{"line":103,"column":8},"end":{"line":103,"column":8}},{"start":{"line":103,"column":8},"end":{"line":103,"column":8}}]}}}}